<?xml version="1.0" encoding="UTF-8"?>
<!-- Generated by org.testng.reporters.JUnitReportReporter -->
<testsuite skipped="0" hostname="DESKTOP-HGGBPMG" name="App.Script.GetUser_TestCases" tests="1" failures="0" timestamp="03 Mar 2020 18:14:31 GMT" time="2.941" errors="0">
  <testcase name="GetUser" time="2.941" classname="App.Script.GetUser_TestCases"/>
</testsuite> <!-- App.Script.GetUser_TestCases -->
